<?xml version="1.0" encoding="UTF-8"?>
<!-- Generated by org.testng.reporters.JUnitReportReporter -->
<testsuite hostname="ICS-LT-BLK96V3" name="com.infinite.priority.TestNGMultiBrowser" tests="3" failures="0" timestamp="4 Jan 2024 11:07:29 GMT" time="19.005" errors="0">
  <testcase name="test1" time="6.615" classname="com.infinite.priority.TestNGMultiBrowser"/>
  <testcase name="test1" time="6.358" classname="com.infinite.priority.TestNGMultiBrowser"/>
  <testcase name="test1" time="6.032" classname="com.infinite.priority.TestNGMultiBrowser"/>
</testsuite> <!-- com.infinite.priority.TestNGMultiBrowser -->
