<?xml version="1.0" encoding="UTF-8"?>
<!-- Generated by org.testng.reporters.JUnitReportReporter -->
<testsuite hostname="ICS-LT-BLK96V3" name="com.infinite.priority.TestNGDependencyDemo" tests="5" failures="0" timestamp="5 Jan 2024 06:23:24 GMT" time="0.028" errors="0">
  <testcase name="test2" time="0.015" classname="com.infinite.priority.TestNGDependencyDemo"/>
  <testcase name="test1" time="0.000" classname="com.infinite.priority.TestNGDependencyDemo"/>
  <testcase name="testA" time="0.010" classname="com.infinite.priority.TestNGDependencyDemo"/>
  <testcase name="test3" time="0.003" classname="com.infinite.priority.TestNGDependencyDemo"/>
  <testcase name="testB" time="0.000" classname="com.infinite.priority.TestNGDependencyDemo"/>
</testsuite> <!-- com.infinite.priority.TestNGDependencyDemo -->
