<?xml version="1.0" encoding="UTF-8"?>
<!-- Generated by org.testng.reporters.JUnitReportReporter -->
<testsuite hostname="ICS-LT-BLK96V3" name="com.infinite.priority.TestNGGroupDemo" tests="2" failures="0" timestamp="4 Jan 2024 11:22:59 GMT" time="0.013" errors="0">
  <testcase name="test3" time="0.001" classname="com.infinite.priority.TestNGGroupDemo"/>
  <testcase name="test2" time="0.012" classname="com.infinite.priority.TestNGGroupDemo"/>
</testsuite> <!-- com.infinite.priority.TestNGGroupDemo -->
