<?xml version="1.0" encoding="UTF-8"?>
<!-- Generated by org.testng.reporters.JUnitReportReporter -->
<testsuite hostname="ICS-LT-BLK96V3" name="com.infinite.priority.TestNGKatalon" tests="1" failures="0" timestamp="5 Jan 2024 07:26:58 GMT" time="13.009" errors="0">
  <testcase name="testUntitledTestCase" time="13.009" classname="com.infinite.priority.TestNGKatalon"/>
</testsuite> <!-- com.infinite.priority.TestNGKatalon -->
