<?xml version="1.0" encoding="UTF-8"?>
<!-- Generated by org.testng.reporters.JUnitReportReporter -->
<testsuite hostname="ICS-LT-BLK96V3" name="com.infinite.test.Test_TestNG" tests="1" failures="0" timestamp="20 Dec 2023 10:53:56 GMT" time="5.197" errors="0">
  <testcase name="googlesearch" time="5.197" classname="com.infinite.test.Test_TestNG"/>
</testsuite> <!-- com.infinite.test.Test_TestNG -->
