<?xml version="1.0" encoding="UTF-8"?>
<!-- Generated by org.testng.reporters.JUnitReportReporter -->
<testsuite hostname="ICS-LT-BLK96V3" name="com.infinite.test.ExtendReportsWithTestNG" tests="1" failures="0" timestamp="20 Dec 2023 06:18:19 GMT" time="9.495" errors="0">
  <testcase name="test" time="9.495" classname="com.infinite.test.ExtendReportsWithTestNG"/>
</testsuite> <!-- com.infinite.test.ExtendReportsWithTestNG -->
