<?xml version="1.0" encoding="UTF-8"?>
<!-- Generated by org.testng.reporters.JUnitReportReporter -->
<testsuite hostname="ICS-LT-BLK96V3" name="com.infinite.utils.ExcelDataProvider" tests="7" failures="0" timestamp="3 Jan 2024 10:38:06 GMT" time="42.053" errors="0">
  <testcase name="test1" time="5.930" classname="com.infinite.utils.ExcelDataProvider"/>
  <testcase name="test1" time="5.929" classname="com.infinite.utils.ExcelDataProvider"/>
  <testcase name="test1" time="5.811" classname="com.infinite.utils.ExcelDataProvider"/>
  <testcase name="test1" time="6.002" classname="com.infinite.utils.ExcelDataProvider"/>
  <testcase name="test1" time="5.841" classname="com.infinite.utils.ExcelDataProvider"/>
  <testcase name="test1" time="5.943" classname="com.infinite.utils.ExcelDataProvider"/>
  <testcase name="test1" time="6.597" classname="com.infinite.utils.ExcelDataProvider"/>
</testsuite> <!-- com.infinite.utils.ExcelDataProvider -->
