<?xml version="1.0" encoding="UTF-8"?>
<!-- Generated by org.testng.reporters.JUnitReportReporter -->
<testsuite hostname="ICS-LT-BLK96V3" name="com.infinite.listeners.TestNGListenerDemo" tests="3" failures="0" timestamp="4 Jan 2024 05:10:35 GMT" time="37.213" errors="0">
  <testcase name="test1" time="15.013" classname="com.infinite.listeners.TestNGListenerDemo"/>
  <testcase name="test2" time="11.249" classname="com.infinite.listeners.TestNGListenerDemo"/>
  <testcase name="test3" time="10.951" classname="com.infinite.listeners.TestNGListenerDemo"/>
</testsuite> <!-- com.infinite.listeners.TestNGListenerDemo -->
