<?xml version="1.0" encoding="UTF-8"?>
<!-- Generated by org.testng.reporters.JUnitReportReporter -->
<testsuite hostname="ICS-LT-BLK96V3" name="com.infinite.priority.TestNGPriorityDemo" tests="3" failures="0" timestamp="4 Jan 2024 09:28:49 GMT" time="0.021" errors="0">
  <testcase name="test3" time="0.000" classname="com.infinite.priority.TestNGPriorityDemo"/>
  <testcase name="test2" time="0.002" classname="com.infinite.priority.TestNGPriorityDemo"/>
  <testcase name="test1" time="0.019" classname="com.infinite.priority.TestNGPriorityDemo"/>
</testsuite> <!-- com.infinite.priority.TestNGPriorityDemo -->
