<?xml version="1.0" encoding="UTF-8"?>
<!-- Generated by org.testng.reporters.JUnitReportReporter -->
<testsuite hostname="ICS-LT-BLK96V3" name="com.infinite.priority.TestNGParametersDemo" tests="1" failures="0" timestamp="5 Jan 2024 05:39:53 GMT" time="0.019" errors="0">
  <testcase name="test" time="0.019" classname="com.infinite.priority.TestNGParametersDemo"/>
</testsuite> <!-- com.infinite.priority.TestNGParametersDemo -->
