<?xml version="1.0" encoding="UTF-8"?>
<!-- Generated by org.testng.reporters.JUnitReportReporter -->
<testsuite hostname="ICS-LT-BLK96V3" name="com.infinite.priority.TestNGIgnoreDemo" tests="3" failures="0" timestamp="5 Jan 2024 06:36:24 GMT" time="0.008" errors="0">
  <testcase name="test2" time="0.000" classname="com.infinite.priority.TestNGIgnoreDemo"/>
  <testcase name="test1" time="0.008" classname="com.infinite.priority.TestNGIgnoreDemo"/>
  <testcase name="test3" time="0.000" classname="com.infinite.priority.TestNGIgnoreDemo"/>
</testsuite> <!-- com.infinite.priority.TestNGIgnoreDemo -->
