<?xml version="1.0" encoding="UTF-8"?>
<!-- Generated by org.testng.reporters.JUnitReportReporter -->
<testsuite hostname="ICS-LT-BLK96V3" name="com.infinite.test.Test_TestNG2" tests="2" failures="0" timestamp="20 Dec 2023 10:53:56 GMT" time="4.272" errors="0">
  <testcase name="googlesearch3" time="1.371" classname="com.infinite.test.Test_TestNG2"/>
  <testcase name="googlesearch2" time="2.901" classname="com.infinite.test.Test_TestNG2"/>
</testsuite> <!-- com.infinite.test.Test_TestNG2 -->
