<?xml version="1.0" encoding="UTF-8"?>
<!-- Generated by org.testng.reporters.JUnitReportReporter -->
<testsuite hostname="ICS-LT-BLK96V3" name="com.infinite.listeners.TestNGListenerDemo2" tests="3" failures="0" timestamp="4 Jan 2024 05:10:35 GMT" time="0.004" errors="0">
  <testcase name="test6" time="0.000" classname="com.infinite.listeners.TestNGListenerDemo2"/>
  <testcase name="test4" time="0.001" classname="com.infinite.listeners.TestNGListenerDemo2"/>
  <testcase name="test5" time="0.003" classname="com.infinite.listeners.TestNGListenerDemo2"/>
</testsuite> <!-- com.infinite.listeners.TestNGListenerDemo2 -->
